[ERROR - 2018-04-13T06:15:59.273Z] GhostDriver - main.fail - {"line":85,"sourceURL":"phantomjs://code/main.js","stack":"global code@phantomjs://code/main.js:85:56"}
[ERROR - 2018-04-13T06:20:27.059Z] GhostDriver - main.fail - {"line":85,"sourceURL":"phantomjs://code/main.js","stack":"global code@phantomjs://code/main.js:85:56"}
[ERROR - 2018-04-13T06:20:49.423Z] GhostDriver - main.fail - {"line":85,"sourceURL":"phantomjs://code/main.js","stack":"global code@phantomjs://code/main.js:85:56"}
[INFO  - 2018-04-15T15:13:57.873Z] GhostDriver - Main - running on port 4444
[INFO  - 2018-04-15T15:15:20.409Z] Session [cfcd0050-40bf-11e8-a5a0-1dd8d3b1304b] - page.settings - {"XSSAuditingEnabled":false,"javascriptCanCloseWindows":true,"javascriptCanOpenWindows":true,"javascriptEnabled":true,"loadImages":true,"localToRemoteUrlAccessEnabled":false,"userAgent":"Mozilla/5.0 (Macintosh; Intel Mac OS X) AppleWebKit/538.1 (KHTML, like Gecko) PhantomJS/2.1.1 Safari/538.1","webSecurityEnabled":true}
[INFO  - 2018-04-15T15:15:20.409Z] Session [cfcd0050-40bf-11e8-a5a0-1dd8d3b1304b] - page.customHeaders:  - {}
[INFO  - 2018-04-15T15:15:20.409Z] Session [cfcd0050-40bf-11e8-a5a0-1dd8d3b1304b] - Session.negotiatedCapabilities - {"browserName":"phantomjs","version":"2.1.1","driverName":"ghostdriver","driverVersion":"1.2.0","platform":"mac-unknown-64bit","javascriptEnabled":true,"takesScreenshot":true,"handlesAlerts":false,"databaseEnabled":false,"locationContextEnabled":false,"applicationCacheEnabled":false,"browserConnectionEnabled":false,"cssSelectorsEnabled":true,"webStorageEnabled":false,"rotatable":false,"acceptSslCerts":false,"nativeEvents":true,"proxy":{"proxyType":"direct"}}
[INFO  - 2018-04-15T15:15:20.409Z] SessionManagerReqHand - _postNewSessionCommand - New Session Created: cfcd0050-40bf-11e8-a5a0-1dd8d3b1304b
[ERROR - 2018-04-15T15:15:23.016Z] Session [cfcd0050-40bf-11e8-a5a0-1dd8d3b1304b] - page.onError - msg: ReferenceError: Can't find variable: Map
[ERROR - 2018-04-15T15:15:23.017Z] Session [cfcd0050-40bf-11e8-a5a0-1dd8d3b1304b] - page.onError - stack:
  (anonymous function) (https://my.appcurator.com/lib/index.326f009.js:1)
  n (https://my.appcurator.com/lib/index.326f009.js:1)
  (anonymous function) (https://my.appcurator.com/lib/index.326f009.js:1)
  n (https://my.appcurator.com/lib/index.326f009.js:1)
  (anonymous function) (https://my.appcurator.com/lib/index.326f009.js:1)
  n (https://my.appcurator.com/lib/index.326f009.js:1)
  (anonymous function) (https://my.appcurator.com/lib/index.326f009.js:1)
  (anonymous function) (https://my.appcurator.com/lib/index.326f009.js:1)
  l (https://my.appcurator.com/https://my.appcurator.com/:16)
  r (https://my.appcurator.com/https://my.appcurator.com/:16)
[ERROR - 2018-04-15T15:15:24.400Z] WebElementLocator - _handleLocateCommand - Element(s) NOT Found: GAVE UP. Search Stop Time: 1523805324356
[ERROR - 2018-04-15T15:15:34.809Z] WebElementLocator - _handleLocateCommand - Element(s) NOT Found: GAVE UP. Search Stop Time: 1523805334777
[ERROR - 2018-04-15T15:15:45.102Z] WebElementLocator - _handleLocateCommand - Element(s) NOT Found: GAVE UP. Search Stop Time: 1523805345078
[INFO  - 2018-04-15T15:16:08.024Z] GhostDriver - Main - running on port 4444
[INFO  - 2018-04-15T15:16:10.523Z] Session [edab7c50-40bf-11e8-b9d6-d1743e41fec4] - page.settings - {"XSSAuditingEnabled":false,"javascriptCanCloseWindows":true,"javascriptCanOpenWindows":true,"javascriptEnabled":true,"loadImages":true,"localToRemoteUrlAccessEnabled":false,"userAgent":"Mozilla/5.0 (Macintosh; Intel Mac OS X) AppleWebKit/538.1 (KHTML, like Gecko) PhantomJS/2.1.1 Safari/538.1","webSecurityEnabled":true}
[INFO  - 2018-04-15T15:16:10.523Z] Session [edab7c50-40bf-11e8-b9d6-d1743e41fec4] - page.customHeaders:  - {}
[INFO  - 2018-04-15T15:16:10.523Z] Session [edab7c50-40bf-11e8-b9d6-d1743e41fec4] - Session.negotiatedCapabilities - {"browserName":"phantomjs","version":"2.1.1","driverName":"ghostdriver","driverVersion":"1.2.0","platform":"mac-unknown-64bit","javascriptEnabled":true,"takesScreenshot":true,"handlesAlerts":false,"databaseEnabled":false,"locationContextEnabled":false,"applicationCacheEnabled":false,"browserConnectionEnabled":false,"cssSelectorsEnabled":true,"webStorageEnabled":false,"rotatable":false,"acceptSslCerts":false,"nativeEvents":true,"proxy":{"proxyType":"direct"}}
[INFO  - 2018-04-15T15:16:10.523Z] SessionManagerReqHand - _postNewSessionCommand - New Session Created: edab7c50-40bf-11e8-b9d6-d1743e41fec4
[ERROR - 2018-04-15T15:16:12.135Z] Session [edab7c50-40bf-11e8-b9d6-d1743e41fec4] - page.onError - msg: ReferenceError: Can't find variable: Map
[ERROR - 2018-04-15T15:16:12.135Z] Session [edab7c50-40bf-11e8-b9d6-d1743e41fec4] - page.onError - stack:
  (anonymous function) (https://my.appcurator.com/lib/index.326f009.js:1)
  n (https://my.appcurator.com/lib/index.326f009.js:1)
  (anonymous function) (https://my.appcurator.com/lib/index.326f009.js:1)
  n (https://my.appcurator.com/lib/index.326f009.js:1)
  (anonymous function) (https://my.appcurator.com/lib/index.326f009.js:1)
  n (https://my.appcurator.com/lib/index.326f009.js:1)
  (anonymous function) (https://my.appcurator.com/lib/index.326f009.js:1)
  (anonymous function) (https://my.appcurator.com/lib/index.326f009.js:1)
  l (https://my.appcurator.com/https://my.appcurator.com/:16)
  r (https://my.appcurator.com/https://my.appcurator.com/:16)
[ERROR - 2018-04-15T15:16:12.647Z] WebElementLocator - _handleLocateCommand - Element(s) NOT Found: GAVE UP. Search Stop Time: 1523805372611
[ERROR - 2018-04-15T15:16:22.984Z] WebElementLocator - _handleLocateCommand - Element(s) NOT Found: GAVE UP. Search Stop Time: 1523805382954
[ERROR - 2018-04-15T15:16:33.300Z] WebElementLocator - _handleLocateCommand - Element(s) NOT Found: GAVE UP. Search Stop Time: 1523805393261
